This is pdfTeX, Version 3.1415926-1.40.10 (TeX Live 2009/Debian) (format=pdflatex 2017.7.7)  24 NOV 2017 15:27
entering extended mode
 %&-line parsing enabled.
**manuscript.tex
(./manuscript.tex
LaTeX2e <2009/09/24>
Babel <v3.8l> and hyphenation patterns for english, usenglishmax, dumylang, noh
yphenation, loaded.
(/usr/share/texmf-texlive/tex/latex/revtex/revtex4-1.cls
Document Class: revtex4-1 2009/10/08:11:23 4.1g (http://publish.aps.org/revtex4
/ for documentation)
 Copyright (c) 2009 The American Physical Society.
 mailto:revtex@aps.org
 Licensed under the LPPL:
http://www.ctan.org/tex-archive/macros/latex/base/lppl.txt
 Arthur Ogawa <arthur_ogawa at sbcglobal dot net>
 Based on work by David Carlisle <david at dcarlisle.demon.co.uk>.
ltxutil [2009/07/07 4.1f]: portions licensed from W. E. Baxter (web at superscr
ipt.com)
LaTeX Info: Redefining \@centercr on input line 298.
Class revtex4-1 Info: Repairing broken LaTeX eqnarray on input line 348.
\eqncolsep=\skip41
Class revtex4-1 Info: Repairing hyperref-unfriendly LaTeX definition of \mpfoot
note on input line 423.
Class revtex4-1 Info: Repairing broken LateX \@sect on input line 754.
\intertabularlinepenalty=\count79
\@tbpen=\count80
\@arstrutbox@hline=\box26
Class revtex4-1 Info: Repairing broken LaTeX \@xbitor on input line 1785.
Class revtex4-1 Info: Making \typeout \long on input line 1953.
ltxfront [2009/10/06/20:20 4.1g]: Arthur Ogawa (after David P. Carlisle)
\c@affil=\count81
\c@collab=\count82
\absbox=\box27
ltxgrid [2009/07/07 4.1f]: portions licensed from W. E. Baxter (web at superscr
ipt.com)
\c@linecount=\count83
\output@latex=\toks14
\box@size@1=\box28
\box@size@2=\box29
\@protection@box=\box30
\@topmark@saved=\toks15
\footins@saved=\box31
\pagesofar=\box32
\footsofar=\box33
\pagegrid@col=\count84
Class revtex4-1 Info: Overriding \@vspace, \@vspacer, \@no@pgbk, \@newline, and
 \\  on input line 5346.
\c@part=\count85
\c@section=\count86
\c@subsection=\count87
\c@subsubsection=\count88
\c@paragraph=\count89
\c@subparagraph=\count90
\abovecaptionskip=\skip42
\belowcaptionskip=\skip43
\c@figure=\count91
\fbox@1=\box34
\c@table=\count92
\fbox@2=\box35
\c@video=\count93
\fbox@4=\box36
\@bibdataout=\write3
\widetext@top=\box37
\widetext@bot=\box38

Class revtex4-1 Warning: No Society specified, using default society aps.

(/usr/share/texmf-texlive/tex/latex/revtex/aps4-1.rtx
File: aps4-1 2009/10/08:11:23 4.1g (http://publish.aps.org/revtex4/ for documen
tation)
Class revtex4-1 Info: RevTeX society APS selected on input line 31.
)
Class revtex4-1 Info: Selecting journal pra on input line 7232.
Class revtex4-1 Info: APS journal PRA selected on input line 7233.

(/usr/share/texmf-texlive/tex/latex/revtex/aps10pt4-1.rtx
File: aps10pt4-1 2009/10/08:11:23 4.1g (http://publish.aps.org/revtex4/ for doc
umentation)
Class revtex4-1 Info: RevTeX pointsize 10pt selected on input line 30.
)
(/usr/share/texmf-texlive/tex/latex/textcase/textcase.sty
Package: textcase 2004/10/07 v0.07 Text only upper/lower case changing (DPC)
)
(/usr/share/texmf-texlive/tex/latex/amsfonts/amssymb.sty
Package: amssymb 2009/06/22 v3.00

(/usr/share/texmf-texlive/tex/latex/amsfonts/amsfonts.sty
Package: amsfonts 2009/06/22 v3.00 Basic AMSFonts support
\@emptytoks=\toks16
\symAMSa=\mathgroup4
\symAMSb=\mathgroup5
LaTeX Font Info:    Overwriting math alphabet `\mathfrak' in version `bold'
(Font)                  U/euf/m/n --> U/euf/b/n on input line 96.
))
(/usr/share/texmf-texlive/tex/latex/amsmath/amsmath.sty
Package: amsmath 2000/07/18 v2.13 AMS math features
\@mathmargin=\skip44

For additional information on amsmath, use the `?' option.
(/usr/share/texmf-texlive/tex/latex/amsmath/amstext.sty
Package: amstext 2000/06/29 v2.01

(/usr/share/texmf-texlive/tex/latex/amsmath/amsgen.sty
File: amsgen.sty 1999/11/30 v2.0
\@emptytoks=\toks17
\ex@=\dimen102
)
LaTeX Info: Redefining \text on input line 53.
)
(/usr/share/texmf-texlive/tex/latex/amsmath/amsbsy.sty
Package: amsbsy 1999/11/29 v1.2d
\pmbraise@=\dimen103
)
(/usr/share/texmf-texlive/tex/latex/amsmath/amsopn.sty
Package: amsopn 1999/12/14 v2.01 operator names
)
\inf@bad=\count94
LaTeX Info: Redefining \frac on input line 211.
\uproot@=\count95
\leftroot@=\count96
LaTeX Info: Redefining \overline on input line 307.
\classnum@=\count97
\DOTSCASE@=\count98
LaTeX Info: Redefining \ldots on input line 379.
LaTeX Info: Redefining \dots on input line 382.
LaTeX Info: Redefining \cdots on input line 467.
\Mathstrutbox@=\box39
\strutbox@=\box40
\big@size=\dimen104
LaTeX Font Info:    Redeclaring font encoding OML on input line 567.
LaTeX Font Info:    Redeclaring font encoding OMS on input line 568.
\macc@depth=\count99
\c@MaxMatrixCols=\count100
\dotsspace@=\muskip10
\c@parentequation=\count101
\dspbrk@lvl=\count102
\tag@help=\toks18
\row@=\count103
\column@=\count104
\maxfields@=\count105
\andhelp@=\toks19
\eqnshift@=\dimen105
\alignsep@=\dimen106
\tagshift@=\dimen107
\tagwidth@=\dimen108
\totwidth@=\dimen109
\lineht@=\dimen110
\@envbody=\toks20
\multlinegap=\skip45
\multlinetaggap=\skip46
\mathdisplay@stack=\toks21
LaTeX Info: Redefining \[ on input line 2666.
LaTeX Info: Redefining \] on input line 2667.
)
(/usr/share/texmf-texlive/tex/latex/ltxmisc/url.sty
\Urlmuskip=\muskip11
Package: url 2006/04/12  ver 3.3  Verb mode for urls, etc.
)
(/usr/share/texmf-texlive/tex/latex/natbib/natbib.sty
Package: natbib 2009/07/16 8.31 (PWD, AO)
\bibhang=\skip47
\bibsep=\skip48
LaTeX Info: Redefining \cite on input line 694.
\c@NAT@ctr=\count106
)
(/usr/share/texmf-texlive/tex/latex/revtex/revsymb4-1.sty
Package: revsymb4-1 2009/10/08:11:23 4.1g (http://publish.aps.org/revtex4/ for 
documentation)
LaTeX Info: Redefining \frak on input line 95.
LaTeX Info: Redefining \Bbb on input line 111.
LaTeX Info: Redefining \REV@mathfrak on input line 119.
))
(/usr/share/texmf-texlive/tex/latex/graphics/graphicx.sty
Package: graphicx 1999/02/16 v1.0f Enhanced LaTeX Graphics (DPC,SPQR)

(/usr/share/texmf-texlive/tex/latex/graphics/keyval.sty
Package: keyval 1999/03/16 v1.13 key=value parser (DPC)
\KV@toks@=\toks22
)
(/usr/share/texmf-texlive/tex/latex/graphics/graphics.sty
Package: graphics 2009/02/05 v1.0o Standard LaTeX Graphics (DPC,SPQR)

(/usr/share/texmf-texlive/tex/latex/graphics/trig.sty
Package: trig 1999/03/16 v1.09 sin cos tan (DPC)
)
(/etc/texmf/tex/latex/config/graphics.cfg
File: graphics.cfg 2009/08/28 v1.8 graphics configuration of TeX Live
)
Package graphics Info: Driver file: pdftex.def on input line 91.

(/usr/share/texmf-texlive/tex/latex/pdftex-def/pdftex.def
File: pdftex.def 2010/03/12 v0.04p Graphics/color for pdfTeX
\Gread@gobject=\count107
))
\Gin@req@height=\dimen111
\Gin@req@width=\dimen112
)
(/usr/share/texmf-texlive/tex/latex/tools/dcolumn.sty
Package: dcolumn 2001/05/28 v1.06 decimal alignment package (DPC)

(/usr/share/texmf-texlive/tex/latex/tools/array.sty
Package: array 2008/09/09 v2.4c Tabular extension package (FMi)
\col@sep=\dimen113
\extrarowheight=\dimen114
\NC@list=\toks23
\extratabsurround=\skip49
\backup@length=\skip50
))
(/usr/share/texmf-texlive/tex/latex/tools/bm.sty
Package: bm 2004/02/26 v1.1c Bold Symbol Support (DPC/FMi)
\symboldoperators=\mathgroup6
\symboldletters=\mathgroup7
\symboldsymbols=\mathgroup8
LaTeX Font Info:    Redeclaring math alphabet \mathbf on input line 138.
LaTeX Info: Redefining \bm on input line 204.
)
(/usr/share/texmf-texlive/tex/latex/graphics/color.sty
Package: color 2005/11/14 v1.0j Standard LaTeX Color (DPC)

(/etc/texmf/tex/latex/config/color.cfg
File: color.cfg 2007/01/18 v1.5 color configuration of teTeX/TeXLive
)
Package color Info: Driver file: pdftex.def on input line 130.
)
(/usr/share/texmf-texlive/tex/latex/float/float.sty
Package: float 2001/11/08 v1.3d Float enhancements (AL)
\c@float@type=\count108
\float@exts=\toks24
\float@box=\box41
\@float@everytoks=\toks25
\@floatcapt=\box42
)
Class revtex4-1 Info: Patching array package. on input line 74.


Class revtex4-1 Warning: Repair the float package.

Class revtex4-1 Info: Robustifying \LaTeX's \boldmath command on input line 74.

Class revtex4-1 Info: cite was not loaded (OK!) on input line 74.
Class revtex4-1 Info: mcite was not loaded (OK!) on input line 74.
Class revtex4-1 Info: multicol was not loaded (OK!) on input line 74.
(./manuscript.aux

LaTeX Warning: Label `eq:bg' multiply defined.

)
\openout1 = `manuscript.aux'.

LaTeX Font Info:    Checking defaults for OML/cmm/m/it on input line 74.
LaTeX Font Info:    ... okay on input line 74.
LaTeX Font Info:    Checking defaults for T1/cmr/m/n on input line 74.
LaTeX Font Info:    ... okay on input line 74.
LaTeX Font Info:    Checking defaults for OT1/cmr/m/n on input line 74.
LaTeX Font Info:    ... okay on input line 74.
LaTeX Font Info:    Checking defaults for OMS/cmsy/m/n on input line 74.
LaTeX Font Info:    ... okay on input line 74.
LaTeX Font Info:    Checking defaults for OMX/cmex/m/n on input line 74.
LaTeX Font Info:    ... okay on input line 74.
LaTeX Font Info:    Checking defaults for U/cmr/m/n on input line 74.
LaTeX Font Info:    ... okay on input line 74.
 (/usr/share/texmf-texlive/tex/context/base/supp-pdf.mkii
[Loading MPS to PDF converter (version 2006.09.02).]
\scratchcounter=\count109
\scratchdimen=\dimen115
\scratchbox=\box43
\nofMPsegments=\count110
\nofMParguments=\count111
\everyMPshowfont=\toks26
\MPscratchCnt=\count112
\MPscratchDim=\dimen116
\MPnumerator=\count113
\everyMPtoPDFconversion=\toks27
)
\openout3 = `manuscriptNotes.bib'.



Class revtex4-1 Warning: Assuming \noaffiliation for K\'alm\'an Varga.

LaTeX Font Info:    Try loading font information for U+msa on input line 107.
(/usr/share/texmf-texlive/tex/latex/amsfonts/umsa.fd
File: umsa.fd 2009/06/22 v3.00 AMS symbols A
)
LaTeX Font Info:    Try loading font information for U+msb on input line 107.

(/usr/share/texmf-texlive/tex/latex/amsfonts/umsb.fd
File: umsb.fd 2009/06/22 v3.00 AMS symbols B
)

pdfTeX warning: pdflatex (file ./figures/shape/shape2.pdf): PDF inclusion: foun
d PDF version <1.7>, but at most version <1.4> allowed
<./figures/shape/shape2.pdf, id=2, 560.0925pt x 251.94125pt>
File: ./figures/shape/shape2.pdf Graphic file (type pdf)

<use ./figures/shape/shape2.pdf> [1{/var/lib/texmf/fonts/map/pdftex/updmap/pdft
ex.map}]

LaTeX Warning: A float is stuck (cannot be placed); try class option [floatfix]
 on input line 168.


Underfull \hbox (badness 10000) in paragraph at lines 174--176
\OT1/cmr/m/n/10 which gov-erns the ap-prox-i-mate electron-electron
 []


Package natbib Warning: Citation `compnano_varga' on page 2 undefined on input 
line 198.


Package natbib Warning: Citation `PhysRevA.95.013414' on page 2 undefined on in
put line 213.

<./figures/example_fit/example_fit.pdf, id=23, 293.095pt x 202.7575pt>
File: ./figures/example_fit/example_fit.pdf Graphic file (type pdf)

<use ./figures/example_fit/example_fit.pdf> [2 <./figures/shape/shape2.pdf> <./
figures/example_fit/example_fit.pdf>]
<./figures/phase/phase2.pdf, id=57, 277.51682pt x 422.05681pt>
File: ./figures/phase/phase2.pdf Graphic file (type pdf)

<use ./figures/phase/phase2.pdf>
<./figures/sep_dist_dep/sep_dist_dep.pdf, id=59, 292.09125pt x 204.765pt>
File: ./figures/sep_dist_dep/sep_dist_dep.pdf Graphic file (type pdf)

<use ./figures/sep_dist_dep/sep_dist_dep.pdf>
<./figures/intensity_dep/intensity_dep.pdf, id=60, 293.095pt x 207.77625pt>
File: ./figures/intensity_dep/intensity_dep.pdf Graphic file (type pdf)

<use ./figures/intensity_dep/intensity_dep.pdf> [3 <./figures/phase/phase2.pdf>
 <./figures/sep_dist_dep/sep_dist_dep.pdf> <./figures/intensity_dep/intensity_d
ep.pdf>] (./manuscript.bbl
Missing character: There is no Ã in font cmr9!
Missing character: There is no © in font cmr9!
Missing character: There is no Ã in font cmr9!
Missing character: There is no ¡ in font cmr9!
Missing character: There is no Ã in font cmr9!
Missing character: There is no ¶ in font cmr9!
Missing character: There is no Ã in font cmr9!
Missing character: There is no ¶ in font cmr9!
Missing character: There is no Ã in font cmr9!
Missing character: There is no ³ in font cmr9!
Missing character: There is no Ã in font cmr9!
Missing character: There is no ¯ in font cmr9!
Missing character: There is no Ã in font cmr9!
Missing character: There is no ¼ in font cmr9!

Underfull \hbox (badness 3735) in paragraph at lines 87--93
 \OT1/cmr/m/n/9 L. Seif-fert, T. Fen-nel, T. Shaaran, T. Zim-mer-
 []


Underfull \hbox (badness 4859) in paragraph at lines 87--93
 \OT1/cmr/m/n/9 Tisch, J. P. Maran-gos, T. Wit-ting, A. Braun,
 []


Underfull \hbox (badness 4353) in paragraph at lines 87--93
 \OT1/cmr/m/n/9 S. A. Maier, L. Roso, M. Krger, P. Hom-mel-
 []


Underfull \hbox (badness 3612) in paragraph at lines 87--93
 []\OT1/cmr/m/n/9 http://stacks.iop.org/0034-4885/80/i=5/a=054401[] Re-
 []


Underfull \hbox (badness 5756) in paragraph at lines 123--130
 []\OT1/cmr/m/n/9 J.-W. Han, D.-I. Moon,  and M. Meyyap-pan,
 []


Underfull \hbox (badness 10000) in paragraph at lines 123--130
 []\OT1/cmr/m/n/9  []http://dx.doi.org/10.1021/acs.nanolett.6b04363 Nano
 []


Underfull \hbox (badness 2065) in paragraph at lines 138--143
 []\OT1/cmr/m/n/9 K. Yosh-ioka, I. Katayama, Y. Mi-nami, M. Ki-ta-
 []


Underfull \hbox (badness 1484) in paragraph at lines 138--143
 \OT1/cmr/m/n/9 jima, S. Yoshida, H. Shigekawa,  and J. Takeda,
 []


Underfull \hbox (badness 7064) in paragraph at lines 148--154
 []\OT1/cmr/m/n/9 M. Kruger, M. Schenk,  and P. Hom-mel-hoff,
 []


Underfull \hbox (badness 1137) in paragraph at lines 164--170
 []\OT1/cmr/m/n/9 V. Jelic, K. Iwaszczuk, P. H. Nguyen, C. Rathje,
 []


Underfull \hbox (badness 10000) in paragraph at lines 164--170
 \OT1/cmr/m/n/9 G. J. Hornig, H. M. Sharum, J. R. Hoff-
 []


Underfull \hbox (badness 6047) in paragraph at lines 164--170
 \OT1/cmr/m/n/9 man, M. R. Free-man,  and F. A. Heg-mann,
 []


Underfull \hbox (badness 4569) in paragraph at lines 164--170
 []\OT1/cmr/m/n/9  []http://dx.doi.org/10.1038/nphys4047 Nat Phys \OT1/cmr/bx/n
/9 13\OT1/cmr/m/n/9 ,
 []


Underfull \hbox (badness 10000) in paragraph at lines 177--187
 []\OT1/cmr/m/n/9 T. Ry-bka, M. Lud-wig, M. F. Schmalz,
 []


Underfull \hbox (badness 10000) in paragraph at lines 177--187
 \OT1/cmr/m/n/9 V. Knit-tel, D. Brida,  and A. Leit-en-stor-fer,
 []


Underfull \hbox (badness 10000) in paragraph at lines 177--187
 []\OT1/cmr/m/n/9  []http://dx.doi.org/10.1038/nphoton.2016.174 Nat
 []

Missing character: There is no Ã in font cmr9!
Missing character: There is no ¶ in font cmr9!
Missing character: There is no Ã in font cmr9!
Missing character: There is no ¶ in font cmr9!
Missing character: There is no Ã in font cmr9!
Missing character: There is no ¼ in font cmr9!
Missing character: There is no Ã in font cmr9!
Missing character: There is no Ÿ in font cmr9!
Missing character: There is no Ã in font cmr9!
Missing character: There is no ¼ in font cmr9!

Underfull \hbox (badness 10000) in paragraph at lines 231--235
 []\OT1/cmr/m/n/9 A. Schiffrin, T. Paasch-Colberg, N. Kar-pow-icz,
 []


Underfull \hbox (badness 10000) in paragraph at lines 239--246
 []\OT1/cmr/m/n/9 S.-G. Jeon, D. Shin,  and M. S. Hur,
 []


Underfull \hbox (badness 10000) in paragraph at lines 239--246
 []\OT1/cmr/m/n/9  []http://dx.doi.org/10.1038/srep32567 Sci-en-tific Re-
 []

Missing character: There is no Ã in font cmr9!
Missing character: There is no ¼ in font cmr9!
Missing character: There is no Ã in font cmr9!
Missing character: There is no ¶ in font cmr9!

Underfull \hbox (badness 10000) in paragraph at lines 277--280
 []\OT1/cmr/m/n/9 K. Ya-bana and G. F. Bertsch,
 []


Underfull \hbox (badness 10000) in paragraph at lines 277--280
 []\OT1/cmr/m/n/9 \doibase 10.1103/PhysRevB.54.4484[] Phys. Rev. B
 []


Underfull \hbox (badness 10000) in paragraph at lines 283--287
 []\OT1/cmr/m/n/9 W. Ekardt, []\doibase 10.1103/PhysRevLett.52.1925[]
 []


Underfull \hbox (badness 8056) in paragraph at lines 298--304
 []\OT1/cmr/m/n/9 M. Mad-jet, C. Guet,  and W. R. John-son,
 []


Underfull \hbox (badness 10000) in paragraph at lines 298--304
 []\OT1/cmr/m/n/9  []http://dx.doi.org/10.1103/PhysRevA.51.1327 Phys.
 []


Underfull \hbox (badness 10000) in paragraph at lines 309--314
 []\OT1/cmr/m/n/9 J. Zu-loaga, E. Pro-dan,  and P. Nord-lan-der,
 []


Underfull \hbox (badness 10000) in paragraph at lines 309--314
 []\OT1/cmr/m/n/9 \doibase 10.1021/nl803811g[] Nano Let-ters \OT1/cmr/bx/n/9 9\
OT1/cmr/m/n/9 , 887
 []

)

Package natbib Warning: There were undefined citations.

[4] (./manuscript.aux)

LaTeX Warning: There were multiply-defined labels.

 ) 
Here is how much of TeX's memory you used:
 4083 strings out of 495061
 51784 string characters out of 1182622
 140354 words of memory out of 3000000
 7199 multiletter control sequences out of 15000+50000
 16807 words of font info for 62 fonts, out of 3000000 for 9000
 28 hyphenation exceptions out of 8191
 34i,13n,30p,1071b,345s stack positions out of 5000i,500n,10000p,200000b,50000s
</usr/share/texmf-texlive/fonts/type1/public/amsfonts/cm/cmbx10.pfb></usr/sha
re/texmf-texlive/fonts/type1/public/amsfonts/cm/cmbx12.pfb></usr/share/texmf-te
xlive/fonts/type1/public/amsfonts/cm/cmbx9.pfb></usr/share/texmf-texlive/fonts/
type1/public/amsfonts/cm/cmex10.pfb></usr/share/texmf-texlive/fonts/type1/publi
c/amsfonts/cm/cmmi10.pfb></usr/share/texmf-texlive/fonts/type1/public/amsfonts/
cm/cmmi12.pfb></usr/share/texmf-texlive/fonts/type1/public/amsfonts/cm/cmmi7.pf
b></usr/share/texmf-texlive/fonts/type1/public/amsfonts/cm/cmmi9.pfb></usr/shar
e/texmf-texlive/fonts/type1/public/amsfonts/cm/cmr10.pfb></usr/share/texmf-texl
ive/fonts/type1/public/amsfonts/cm/cmr12.pfb></usr/share/texmf-texlive/fonts/ty
pe1/public/amsfonts/cm/cmr17.pfb></usr/share/texmf-texlive/fonts/type1/public/a
msfonts/cm/cmr6.pfb></usr/share/texmf-texlive/fonts/type1/public/amsfonts/cm/cm
r7.pfb></usr/share/texmf-texlive/fonts/type1/public/amsfonts/cm/cmr8.pfb></usr/
share/texmf-texlive/fonts/type1/public/amsfonts/cm/cmr9.pfb></usr/share/texmf-t
exlive/fonts/type1/public/amsfonts/cm/cmsy10.pfb></usr/share/texmf-texlive/font
s/type1/public/amsfonts/cm/cmsy6.pfb></usr/share/texmf-texlive/fonts/type1/publ
ic/amsfonts/cm/cmsy7.pfb></usr/share/texmf-texlive/fonts/type1/public/amsfonts/
cm/cmsy8.pfb></usr/share/texmf-texlive/fonts/type1/public/amsfonts/cm/cmsy9.pfb
></usr/share/texmf-texlive/fonts/type1/public/amsfonts/cm/cmti10.pfb></usr/shar
e/texmf-texlive/fonts/type1/public/amsfonts/cm/cmti9.pfb></usr/share/texmf-texl
ive/fonts/type1/public/amsfonts/symbols/msbm10.pfb>
Output written on manuscript.pdf (4 pages, 622965 bytes).
PDF statistics:
 198 PDF objects out of 1000 (max. 8388607)
 0 named destinations out of 1000 (max. 500000)
 26 words of extra memory for PDF output out of 10000 (max. 10000000)

